<?xml version="1.0" encoding="UTF-8"?>
<testng-results skipped="0" failed="0" total="1" passed="1">
  <reporter-output>
  </reporter-output>
  <suite name="Command line suite" duration-ms="23" started-at="2014-02-11T07:23:28Z" finished-at="2014-02-11T07:23:28Z">
    <groups>
    </groups>
    <test name="Command line test" duration-ms="23" started-at="2014-02-11T07:23:28Z" finished-at="2014-02-11T07:23:28Z">
      <class name="com.kabaso.cput.tp.AppTest">
        <test-method status="PASS" signature="testApp()[pri:0, instance:testApp(com.kabaso.cput.tp.AppTest)]" name="testApp" duration-ms="1" started-at="2014-02-11T09:23:28Z" finished-at="2014-02-11T09:23:28Z">
          <reporter-output>
          </reporter-output>
        </test-method> <!-- testApp -->
      </class> <!-- com.kabaso.cput.tp.AppTest -->
    </test> <!-- Command line test -->
  </suite> <!-- Command line suite -->
</testng-results>
