<?xml version="1.0" encoding="UTF-8"?>
<testng-results skipped="0" failed="0" total="1" passed="1">
  <reporter-output>
  </reporter-output>
  <suite name="com.kabaso.cput.tp.CalculatorTest" duration-ms="19" started-at="2014-02-11T07:28:32Z" finished-at="2014-02-11T07:28:32Z">
    <groups>
    </groups>
    <test name="Command line test" duration-ms="19" started-at="2014-02-11T07:28:32Z" finished-at="2014-02-11T07:28:32Z">
      <class name="com.kabaso.cput.tp.CalculatorTest">
        <test-method status="PASS" signature="setUpClass()[pri:0, instance:com.kabaso.cput.tp.CalculatorTest@6f41ea57]" name="setUpClass" is-config="true" duration-ms="8" started-at="2014-02-11T09:28:32Z" finished-at="2014-02-11T09:28:32Z">
          <reporter-output>
          </reporter-output>
        </test-method> <!-- setUpClass -->
        <test-method status="PASS" signature="add()[pri:0, instance:com.kabaso.cput.tp.CalculatorTest@6f41ea57]" name="add" duration-ms="3" started-at="2014-02-11T09:28:32Z" finished-at="2014-02-11T09:28:32Z">
          <reporter-output>
          </reporter-output>
        </test-method> <!-- add -->
        <test-method status="PASS" signature="setUpMethod()[pri:0, instance:com.kabaso.cput.tp.CalculatorTest@6f41ea57]" name="setUpMethod" is-config="true" duration-ms="0" started-at="2014-02-11T09:28:32Z" finished-at="2014-02-11T09:28:32Z">
          <reporter-output>
          </reporter-output>
        </test-method> <!-- setUpMethod -->
        <test-method status="PASS" signature="tearDownMethod()[pri:0, instance:com.kabaso.cput.tp.CalculatorTest@6f41ea57]" name="tearDownMethod" is-config="true" duration-ms="0" started-at="2014-02-11T09:28:32Z" finished-at="2014-02-11T09:28:32Z">
          <reporter-output>
          </reporter-output>
        </test-method> <!-- tearDownMethod -->
        <test-method status="PASS" signature="tearDownClass()[pri:0, instance:com.kabaso.cput.tp.CalculatorTest@6f41ea57]" name="tearDownClass" is-config="true" duration-ms="0" started-at="2014-02-11T09:28:32Z" finished-at="2014-02-11T09:28:32Z">
          <reporter-output>
          </reporter-output>
        </test-method> <!-- tearDownClass -->
      </class> <!-- com.kabaso.cput.tp.CalculatorTest -->
    </test> <!-- Command line test -->
  </suite> <!-- com.kabaso.cput.tp.CalculatorTest -->
</testng-results>
